<?xml version='1.0' encoding='UTF-8'?>
<testsuite hostname="jsong10-PC" name="Lab4Spec" tests="4" errors="0" failures="0" time="0.064">
                     <properties>
[...]
</properties>
                     <testcase classname="Lab4Spec" name="compressRec/compressFold should compress List(1, 2, 2, 3, 3, 3)" time="0.058">
                                                 
                                               </testcase><testcase classname="Lab4Spec" name="mapFirst should map the first element where f returns Some" time="0.001">
                                                 
                                               </testcase><testcase classname="Lab4Spec" name="foldLeft should enable implementing treeFromList and sum" time="0.004">
                                                 
                                               </testcase><testcase classname="Lab4Spec" name="strictlyOrdered should check strict ordering of a binary search tree" time="0.001">
                                                 
                                               </testcase>
                     <system-out></system-out>
                     <system-err></system-err>
                   </testsuite>